[2016-08-24 08:33:47]/scm/modules/client/index.php?act=client_purchase&op=add_cart&goods_id=6922507006385&goods_num=13&supp_id=DLGJZQWWSPGYS
ERR : Db Error: Table 'gzkj.gzkj_' doesn't exist
SELECT * FROM `gzkj`.`gzkj_`  WHERE ( goods_id = '6922507006385' ) AND ( clie_id = NULL ) LIMIT 1  
[2016-08-24 08:50:15]http://192.168.3.250/scm/modules/system/index.php?act=supp_manage&op=get_xml
ERR : Db Error: Table 'gzkj.gzkj_scm_client_supp' doesn't exist
SELECT COUNT(*) AS nc_count FROM `gzkj`.`gzkj_scm_client_supp` AS `scm_client_supp` INNER JOIN `gzkj`.`gzkj_scm_supplier` AS `scm_supplier` ON scm_client_supp.supp_id = scm_supplier.supp_id LIMIT 1  
[2016-08-24 08:50:15]http://192.168.3.250/scm/modules/system/index.php?act=supp_manage&op=get_xml
ERR : Db Error: Table 'gzkj.gzkj_scm_client_supp' doesn't exist
SELECT * FROM `gzkj`.`gzkj_scm_client_supp` AS `scm_client_supp` INNER JOIN `gzkj`.`gzkj_scm_supplier` AS `scm_supplier` ON scm_client_supp.supp_id = scm_supplier.supp_id ORDER BY scm_supplier.supp_id asc LIMIT 0,15  
[2016-08-24 08:50:51]/scm/modules/client/index.php?act=client_purchase&op=add_cart&goods_id=6922507008888&goods_num=12&supp_id=CHLY0000101
ERR : Db Error: Table 'gzkj.gzkj_' doesn't exist
SELECT * FROM `gzkj`.`gzkj_`  WHERE ( goods_id = '6922507008888' ) AND ( clie_id = NULL ) LIMIT 1  
[2016-08-24 10:25:45]/scm/modules/client/index.php?act=client_purchase&op=add_cart&goods_id=6922507006375&goods_num=2&supp_id=DLGJZQWWSPGYS
ERR : Db Error: Table 'gzkj.gzkj_' doesn't exist
SELECT * FROM `gzkj`.`gzkj_`  WHERE ( goods_id = '6922507006375' ) AND ( clie_id = NULL ) LIMIT 1  
[2016-08-24 10:27:29]/scm/modules/client/index.php?act=client_purchase&op=add_cart&goods_id=6922507006375&goods_num=3&supp_id=DLGJZQWWSPGYS
ERR : Db Error: Table 'gzkj.gzkj_' doesn't exist
SELECT * FROM `gzkj`.`gzkj_`  WHERE ( goods_id = '6922507006375' ) AND ( clie_id = NULL ) LIMIT 1  
[2016-08-24 10:27:50]/scm/modules/client/index.php?act=client_purchase&op=add_cart&goods_id=6922507006378&goods_num=2&supp_id=DLGJZQWWSPGYS
ERR : Db Error: Table 'gzkj.gzkj_' doesn't exist
SELECT * FROM `gzkj`.`gzkj_`  WHERE ( goods_id = '6922507006378' ) AND ( clie_id = NULL ) LIMIT 1  
[2016-08-24 10:31:32]/scm/modules/client/index.php?act=client_purchase&op=add_cart&goods_id=6922507006375&goods_num=1&supp_id=DLGJZQWWSPGYS
ERR : Db Error: Table 'gzkj.gzkj_' doesn't exist
SELECT * FROM `gzkj`.`gzkj_`  WHERE ( goods_id = '6922507006375' ) AND ( clie_id = NULL ) LIMIT 1  
[2016-08-24 10:33:06]/scm/modules/client/index.php?act=client_purchase&op=add_cart&goods_id=6922507006399&goods_num=2&supp_id=CHLY0000101
ERR : Db Error: Table 'gzkj.gzkj_' doesn't exist
SELECT * FROM `gzkj`.`gzkj_`  WHERE ( goods_id = '6922507006399' ) AND ( clie_id = NULL ) LIMIT 1  
[2016-08-24 10:33:37]/scm/modules/client/index.php?act=client_purchase&op=add_cart&goods_id=6922507006399&goods_num=1&supp_id=CHLY0000101
ERR : Db Error: Table 'gzkj.gzkj_' doesn't exist
SELECT * FROM `gzkj`.`gzkj_`  WHERE ( goods_id = '6922507006399' ) AND ( clie_id = NULL ) LIMIT 1  
[2016-08-24 11:26:25]/scm/modules/client/index.php?act=client_purchase&op=add_cart&goods_id=6922507006377&goods_num=2&supp_id=DLGJZQWWSPGYS
ERR : Db Error: Table 'gzkj.gzkj_' doesn't exist
SELECT * FROM `gzkj`.`gzkj_`  WHERE ( goods_id = '6922507006377' ) AND ( clie_id = NULL ) LIMIT 1  
[2016-08-24 11:26:53]/scm/modules/client/index.php?act=client_purchase&op=add_cart&goods_id=6922507006377&goods_num=2&supp_id=DLGJZQWWSPGYS
ERR : Db Error: Table 'gzkj.gzkj_' doesn't exist
SELECT * FROM `gzkj`.`gzkj_`  WHERE ( goods_id = '6922507006377' ) AND ( clie_id = NULL ) LIMIT 1  
[2016-08-24 11:54:38]/scm/modules/client/index.php?act=account
ERR : Db Error: Unknown column 'clie_bank' in 'field list'
UPDATE `gzkj`.`gzkj_scm_client` scm_client SET clie_id=NULL,clie_ch_name='乐哈哈',area_province='北京',area_city='市辖区',area_district='东城区',clie_address='辽宁省大连市',clie_longitude='',clie_latitude='',clie_bank=NULL,clie_cardno=NULL,clie_contacter='',clie_tel='6448579',clie_mobile='18253590439',clie_tax='',comments='' WHERE  clie_id = ''
[2016-08-24 11:54:51]/scm/modules/client/index.php?act=account
ERR : Db Error: Unknown column 'clie_bank' in 'field list'
UPDATE `gzkj`.`gzkj_scm_client` scm_client SET clie_id=NULL,clie_ch_name='乐哈哈',area_province='北京',area_city='市辖区',area_district='东城区',clie_address='辽宁省大连市',clie_longitude='',clie_latitude='',clie_bank=NULL,clie_cardno=NULL,clie_contacter='',clie_tel='6448579',clie_mobile='18253590439',clie_tax='',comments='' WHERE  clie_id = ''
[2016-08-24 13:31:27]/scm/modules/client/index.php?act=client_purchase&op=add_cart&goods_id=6922507008888&goods_num=20&supp_id=CHLY0000101
ERR : Db Error: Table 'gzkj.gzkj_' doesn't exist
SELECT * FROM `gzkj`.`gzkj_`  WHERE ( goods_id = '6922507008888' ) AND ( clie_id = NULL ) LIMIT 1  
[2016-08-24 13:32:15]/scm/modules/client/index.php?act=client_purchase&op=add_cart&goods_id=6922507008888&goods_num=20&supp_id=CHLY0000101
ERR : Db Error: Table 'gzkj.gzkj_' doesn't exist
SELECT * FROM `gzkj`.`gzkj_`  WHERE ( goods_id = '6922507008888' ) AND ( clie_id = NULL ) LIMIT 1  
[2016-08-24 13:35:38]/scm/modules/client/index.php?act=client_purchase&op=add_cart&goods_id=6922507008888&goods_num=10&supp_id=CHLY0000101
ERR : Db Error: Table 'gzkj.gzkj_' doesn't exist
SELECT * FROM `gzkj`.`gzkj_`  WHERE ( goods_id = '6922507008888' ) AND ( clie_id = NULL ) LIMIT 1  
[2016-08-24 13:38:27]/scm/modules/client/index.php?act=client_purchase&op=add_cart&goods_id=6922507008888&goods_num=20&supp_id=CHLY0000101
ERR : Db Error: Table 'gzkj.gzkj_' doesn't exist
SELECT * FROM `gzkj`.`gzkj_`  WHERE ( goods_id = '6922507008888' ) AND ( clie_id = NULL ) LIMIT 1  
[2016-08-24 13:38:35]/scm/modules/client/index.php?act=client_purchase&op=add_cart&goods_id=6922507006399&goods_num=20&supp_id=CHLY0000101
ERR : Db Error: Table 'gzkj.gzkj_' doesn't exist
SELECT * FROM `gzkj`.`gzkj_`  WHERE ( goods_id = '6922507006399' ) AND ( clie_id = NULL ) LIMIT 1  
[2016-08-24 13:38:53]/scm/modules/client/index.php?act=client_purchase&op=add_cart&goods_id=6922507008888&goods_num=20&supp_id=CHLY0000101
ERR : Db Error: Table 'gzkj.gzkj_' doesn't exist
SELECT * FROM `gzkj`.`gzkj_`  WHERE ( goods_id = '6922507008888' ) AND ( clie_id = NULL ) LIMIT 1  
[2016-08-24 13:39:34]/scm/modules/client/index.php?act=client_purchase&op=add_cart&goods_id=6922507006377&goods_num=10&supp_id=DLGJZQWWSPGYS
ERR : Db Error: Table 'gzkj.gzkj_' doesn't exist
SELECT * FROM `gzkj`.`gzkj_`  WHERE ( goods_id = '6922507006377' ) AND ( clie_id = NULL ) LIMIT 1  
[2016-08-24 13:39:59]/scm/modules/client/index.php?act=client_purchase&op=add_cart&goods_id=6922507006377&goods_num=10&supp_id=DLGJZQWWSPGYS
ERR : Db Error: Table 'gzkj.gzkj_' doesn't exist
SELECT * FROM `gzkj`.`gzkj_`  WHERE ( goods_id = '6922507006377' ) AND ( clie_id = NULL ) LIMIT 1  
[2016-08-24 13:58:40]/scm/modules/client/index.php?act=client_purchase&op=add_cart&goods_id=6922507006385&goods_num=20&supp_id=DLGJZQWWSPGYS
ERR : Db Error: Table 'gzkj.gzkj_' doesn't exist
SELECT * FROM `gzkj`.`gzkj_`  WHERE ( goods_id = '6922507006385' ) AND ( clie_id = NULL ) LIMIT 1  
[2016-08-24 14:18:10]/scm/modules/client/index.php?act=client_purchase&op=add_cart&goods_id=6922507008888&goods_num=20&supp_id=CHLY0000101
ERR : Db Error: Table 'gzkj.gzkj_' doesn't exist
SELECT * FROM `gzkj`.`gzkj_`  WHERE ( goods_id = '6922507008888' ) AND ( clie_id = NULL ) LIMIT 1  
[2016-08-24 14:18:17]/scm/modules/client/index.php?act=client_purchase&op=add_cart&goods_id=6922507006377&goods_num=10&supp_id=DLGJZQWWSPGYS
ERR : Db Error: Table 'gzkj.gzkj_' doesn't exist
SELECT * FROM `gzkj`.`gzkj_`  WHERE ( goods_id = '6922507006377' ) AND ( clie_id = NULL ) LIMIT 1  
[2016-08-24 14:28:18]/scm/modules/client/index.php?act=client_purchase&op=add_cart&goods_id=6922507008888&goods_num=20&supp_id=CHLY0000101
ERR : Db Error: Table 'gzkj.gzkj_' doesn't exist
SELECT * FROM `gzkj`.`gzkj_`  WHERE ( goods_id = '6922507008888' ) AND ( clie_id = NULL ) LIMIT 1  
[2016-08-24 14:28:27]/scm/modules/client/index.php?act=client_purchase&op=add_cart&goods_id=6922507006377&goods_num=10&supp_id=DLGJZQWWSPGYS
ERR : Db Error: Table 'gzkj.gzkj_' doesn't exist
SELECT * FROM `gzkj`.`gzkj_`  WHERE ( goods_id = '6922507006377' ) AND ( clie_id = NULL ) LIMIT 1  
[2016-08-24 15:08:40]/scm/modules/client/index.php?act=client_purchase&op=add_cart&goods_id=6922507006376&goods_num=2&supp_id=DLGJZQWWSPGYS
ERR : Db Error: Table 'gzkj.gzkj_' doesn't exist
SELECT * FROM `gzkj`.`gzkj_`  WHERE ( goods_id = '6922507006376' ) AND ( clie_id = NULL ) LIMIT 1  
[2016-08-24 15:09:09]/scm/modules/client/index.php?act=client_purchase&op=add_cart&goods_id=6922507006399&goods_num=2&supp_id=CHLY0000101
ERR : Db Error: Table 'gzkj.gzkj_' doesn't exist
SELECT * FROM `gzkj`.`gzkj_`  WHERE ( goods_id = '6922507006399' ) AND ( clie_id = NULL ) LIMIT 1  
[2016-08-24 15:09:44]/scm/modules/client/index.php?act=client_purchase&op=add_cart&goods_id=6922507006395&goods_num=3&supp_id=CHLY0000101
ERR : Db Error: Table 'gzkj.gzkj_' doesn't exist
SELECT * FROM `gzkj`.`gzkj_`  WHERE ( goods_id = '6922507006395' ) AND ( clie_id = NULL ) LIMIT 1  
[2016-08-24 15:13:43]/scm/modules/client/index.php?act=client_purchase&op=add_cart&goods_id=6922507006399&goods_num=2&supp_id=CHLY0000101
ERR : Db Error: Table 'gzkj.gzkj_' doesn't exist
SELECT * FROM `gzkj`.`gzkj_`  WHERE ( goods_id = '6922507006399' ) AND ( clie_id = NULL ) LIMIT 1  
[2016-08-24 15:13:52]/scm/modules/client/index.php?act=client_purchase&op=add_cart&goods_id=6922507006385&goods_num=2&supp_id=DLGJZQWWSPGYS
ERR : Db Error: Table 'gzkj.gzkj_' doesn't exist
SELECT * FROM `gzkj`.`gzkj_`  WHERE ( goods_id = '6922507006385' ) AND ( clie_id = NULL ) LIMIT 1  
[2016-08-24 15:16:52]/scm/modules/client/index.php?act=client_purchase&op=add_cart&goods_id=6922507008888&goods_num=30&supp_id=CHLY0000101
ERR : Db Error: Table 'gzkj.gzkj_' doesn't exist
SELECT * FROM `gzkj`.`gzkj_`  WHERE ( goods_id = '6922507008888' ) AND ( clie_id = NULL ) LIMIT 1  
[2016-08-24 15:17:02]/scm/modules/client/index.php?act=client_purchase&op=add_cart&goods_id=6922507008888&goods_num=30&supp_id=CHLY0000101
ERR : Db Error: Table 'gzkj.gzkj_' doesn't exist
SELECT * FROM `gzkj`.`gzkj_`  WHERE ( goods_id = '6922507008888' ) AND ( clie_id = NULL ) LIMIT 1  
[2016-08-24 15:32:02]/scm/modules/client/index.php?act=client_purchase&op=add_cart&goods_id=6922507006375&goods_num=2&supp_id=DLGJZQWWSPGYS
ERR : Db Error: Table 'gzkj.gzkj_' doesn't exist
SELECT * FROM `gzkj`.`gzkj_`  WHERE ( goods_id = '6922507006375' ) AND ( clie_id = NULL ) LIMIT 1  
[2016-08-24 15:32:43]/scm/modules/client/index.php?act=client_purchase&op=add_cart&goods_id=6922507006396&goods_num=1&supp_id=CHLY0000101
ERR : Db Error: Table 'gzkj.gzkj_' doesn't exist
SELECT * FROM `gzkj`.`gzkj_`  WHERE ( goods_id = '6922507006396' ) AND ( clie_id = NULL ) LIMIT 1  
[2016-08-24 15:33:00]/scm/modules/client/index.php?act=client_purchase&op=add_cart&goods_id=6922507006396&goods_num=2&supp_id=CHLY0000101
ERR : Db Error: Table 'gzkj.gzkj_' doesn't exist
SELECT * FROM `gzkj`.`gzkj_`  WHERE ( goods_id = '6922507006396' ) AND ( clie_id = NULL ) LIMIT 1  
[2016-08-24 16:05:42]/scm/modules/client/index.php?act=client_purchase&op=add_cart&goods_id=6922507008888&goods_num=30&supp_id=CHLY0000101
ERR : Db Error: Table 'gzkj.gzkj_' doesn't exist
SELECT * FROM `gzkj`.`gzkj_`  WHERE ( goods_id = '6922507008888' ) AND ( clie_id = NULL ) LIMIT 1  
[2016-08-24 16:06:45]/scm/modules/client/index.php?act=client_purchase&op=add_cart&goods_id=6922507008888&goods_num=60&supp_id=CHLY0000101
ERR : Db Error: Table 'gzkj.gzkj_' doesn't exist
SELECT * FROM `gzkj`.`gzkj_`  WHERE ( goods_id = '6922507008888' ) AND ( clie_id = NULL ) LIMIT 1  
[2016-08-24 16:09:48]http://192.168.3.250/scm/modules/system/index.php?act=supp_manage&op=get_xml
ERR : Db Error: Table 'gzkj.gzkj_scm_client_supp' doesn't exist
SELECT COUNT(*) AS nc_count FROM `gzkj`.`gzkj_scm_client_supp` AS `scm_client_supp` INNER JOIN `gzkj`.`gzkj_scm_supplier` AS `scm_supplier` ON scm_client_supp.supp_id = scm_supplier.supp_id LIMIT 1  
[2016-08-24 16:09:48]http://192.168.3.250/scm/modules/system/index.php?act=supp_manage&op=get_xml
ERR : Db Error: Table 'gzkj.gzkj_scm_client_supp' doesn't exist
SELECT * FROM `gzkj`.`gzkj_scm_client_supp` AS `scm_client_supp` INNER JOIN `gzkj`.`gzkj_scm_supplier` AS `scm_supplier` ON scm_client_supp.supp_id = scm_supplier.supp_id ORDER BY scm_supplier.supp_id asc LIMIT 0,15  
[2016-08-24 16:09:53]/scm/modules/client/index.php?act=client_purchase&op=add_cart&goods_id=6922507006385&goods_num=2&supp_id=DLGJZQWWSPGYS
ERR : Db Error: Table 'gzkj.gzkj_' doesn't exist
SELECT * FROM `gzkj`.`gzkj_`  WHERE ( goods_id = '6922507006385' ) AND ( clie_id = NULL ) LIMIT 1  
[2016-08-24 16:10:09]/scm/modules/client/index.php?act=client_purchase&op=add_cart&goods_id=6922507006399&goods_num=2&supp_id=CHLY0000101
ERR : Db Error: Table 'gzkj.gzkj_' doesn't exist
SELECT * FROM `gzkj`.`gzkj_`  WHERE ( goods_id = '6922507006399' ) AND ( clie_id = NULL ) LIMIT 1  
[2016-08-24 16:56:10]/scm/modules/client/index.php?act=client_purchase&op=add_cart&goods_id=6922507006385&goods_num=2&supp_id=DLGJZQWWSPGYS
ERR : Db Error: Table 'gzkj.gzkj_' doesn't exist
SELECT * FROM `gzkj`.`gzkj_`  WHERE ( goods_id = '6922507006385' ) AND ( clie_id = NULL ) LIMIT 1  
[2016-08-24 16:56:52]/scm/modules/client/index.php?act=client_purchase&op=add_cart&goods_id=6922507006384&goods_num=2&supp_id=DLGJZQWWSPGYS
ERR : Db Error: Table 'gzkj.gzkj_' doesn't exist
SELECT * FROM `gzkj`.`gzkj_`  WHERE ( goods_id = '6922507006384' ) AND ( clie_id = NULL ) LIMIT 1  
[2016-08-24 17:04:02]http://192.168.3.250/scm/modules/system/index.php?act=supp_manage&op=get_xml
ERR : Db Error: Table 'gzkj.gzkj_scm_client_supp' doesn't exist
SELECT COUNT(*) AS nc_count FROM `gzkj`.`gzkj_scm_client_supp` AS `scm_client_supp` INNER JOIN `gzkj`.`gzkj_scm_supplier` AS `scm_supplier` ON scm_client_supp.supp_id = scm_supplier.supp_id LIMIT 1  
[2016-08-24 17:04:02]http://192.168.3.250/scm/modules/system/index.php?act=supp_manage&op=get_xml
ERR : Db Error: Table 'gzkj.gzkj_scm_client_supp' doesn't exist
SELECT * FROM `gzkj`.`gzkj_scm_client_supp` AS `scm_client_supp` INNER JOIN `gzkj`.`gzkj_scm_supplier` AS `scm_supplier` ON scm_client_supp.supp_id = scm_supplier.supp_id ORDER BY scm_supplier.supp_id asc LIMIT 0,15  
[2016-08-24 17:04:19]/scm/modules/client/index.php?act=client_purchase&op=add_cart&goods_id=6922507006375&goods_num=2&supp_id=DLGJZQWWSPGYS
ERR : Db Error: Table 'gzkj.gzkj_' doesn't exist
SELECT * FROM `gzkj`.`gzkj_`  WHERE ( goods_id = '6922507006375' ) AND ( clie_id = NULL ) LIMIT 1  
[2016-08-24 17:05:06]http://192.168.3.250/scm/modules/system/index.php?act=supp_manage&op=get_xml
ERR : Db Error: Table 'gzkj.gzkj_scm_client_supp' doesn't exist
SELECT COUNT(*) AS nc_count FROM `gzkj`.`gzkj_scm_client_supp` AS `scm_client_supp` INNER JOIN `gzkj`.`gzkj_scm_supplier` AS `scm_supplier` ON scm_client_supp.supp_id = scm_supplier.supp_id LIMIT 1  
[2016-08-24 17:05:06]http://192.168.3.250/scm/modules/system/index.php?act=supp_manage&op=get_xml
ERR : Db Error: Table 'gzkj.gzkj_scm_client_supp' doesn't exist
SELECT * FROM `gzkj`.`gzkj_scm_client_supp` AS `scm_client_supp` INNER JOIN `gzkj`.`gzkj_scm_supplier` AS `scm_supplier` ON scm_client_supp.supp_id = scm_supplier.supp_id ORDER BY scm_supplier.supp_id asc LIMIT 0,15  
[2016-08-24 17:05:09]http://192.168.3.250/scm/modules/system/index.php?act=supp_manage&op=get_xml
ERR : Db Error: Table 'gzkj.gzkj_scm_client_supp' doesn't exist
SELECT COUNT(*) AS nc_count FROM `gzkj`.`gzkj_scm_client_supp` AS `scm_client_supp` INNER JOIN `gzkj`.`gzkj_scm_supplier` AS `scm_supplier` ON scm_client_supp.supp_id = scm_supplier.supp_id LIMIT 1  
[2016-08-24 17:05:09]http://192.168.3.250/scm/modules/system/index.php?act=supp_manage&op=get_xml
ERR : Db Error: Table 'gzkj.gzkj_scm_client_supp' doesn't exist
SELECT * FROM `gzkj`.`gzkj_scm_client_supp` AS `scm_client_supp` INNER JOIN `gzkj`.`gzkj_scm_supplier` AS `scm_supplier` ON scm_client_supp.supp_id = scm_supplier.supp_id ORDER BY scm_supplier.supp_id asc LIMIT 0,15  
[2016-08-24 17:05:39]http://192.168.3.250/scm/modules/system/index.php?act=supp_manage&op=get_xml
ERR : Db Error: Table 'gzkj.gzkj_scm_client_supp' doesn't exist
SELECT COUNT(*) AS nc_count FROM `gzkj`.`gzkj_scm_client_supp` AS `scm_client_supp` INNER JOIN `gzkj`.`gzkj_scm_supplier` AS `scm_supplier` ON scm_client_supp.supp_id = scm_supplier.supp_id LIMIT 1  
[2016-08-24 17:05:39]http://192.168.3.250/scm/modules/system/index.php?act=supp_manage&op=get_xml
ERR : Db Error: Table 'gzkj.gzkj_scm_client_supp' doesn't exist
SELECT * FROM `gzkj`.`gzkj_scm_client_supp` AS `scm_client_supp` INNER JOIN `gzkj`.`gzkj_scm_supplier` AS `scm_supplier` ON scm_client_supp.supp_id = scm_supplier.supp_id ORDER BY scm_supplier.supp_id asc LIMIT 0,15  
[2016-08-24 17:09:12]/scm/modules/client/index.php?act=client_purchase&op=add_cart&goods_id=6922507006399&goods_num=2&supp_id=CHLY0000101
ERR : Db Error: Table 'gzkj.gzkj_' doesn't exist
SELECT * FROM `gzkj`.`gzkj_`  WHERE ( goods_id = '6922507006399' ) AND ( clie_id = NULL ) LIMIT 1  
[2016-08-24 17:09:18]/scm/modules/client/index.php?act=client_purchase&op=add_cart&goods_id=6593933322339&goods_num=2&supp_id=CHLY0000101
ERR : Db Error: Table 'gzkj.gzkj_' doesn't exist
SELECT * FROM `gzkj`.`gzkj_`  WHERE ( goods_id = '6593933322339' ) AND ( clie_id = NULL ) LIMIT 1  
[2016-08-24 17:24:52]http://192.168.3.250/scm/modules/system/index.php?act=supp_manage&op=get_xml
ERR : Db Error: Table 'gzkj.gzkj_scm_client_supp' doesn't exist
SELECT COUNT(*) AS nc_count FROM `gzkj`.`gzkj_scm_client_supp` AS `scm_client_supp` INNER JOIN `gzkj`.`gzkj_scm_supplier` AS `scm_supplier` ON scm_client_supp.supp_id = scm_supplier.supp_id LIMIT 1  
[2016-08-24 17:24:52]http://192.168.3.250/scm/modules/system/index.php?act=supp_manage&op=get_xml
ERR : Db Error: Table 'gzkj.gzkj_scm_client_supp' doesn't exist
SELECT * FROM `gzkj`.`gzkj_scm_client_supp` AS `scm_client_supp` INNER JOIN `gzkj`.`gzkj_scm_supplier` AS `scm_supplier` ON scm_client_supp.supp_id = scm_supplier.supp_id ORDER BY scm_supplier.supp_id asc LIMIT 0,15  
