[2016-06-23 09:00:33]/scm/index.php
ERR : Db Error: Table 'shopnc.shopnc_' doesn't exist
SELECT admin_id FROM `shopnc`.`shopnc_`  LIMIT 30  
[2016-06-23 09:00:34]/scm/index.php
ERR : Db Error: Table 'shopnc.shopnc_' doesn't exist
SELECT admin_id FROM `shopnc`.`shopnc_`  LIMIT 30  
[2016-06-23 09:00:34]/scm/index.php
ERR : Db Error: Table 'shopnc.shopnc_' doesn't exist
SELECT admin_id FROM `shopnc`.`shopnc_`  LIMIT 30  
[2016-06-23 09:00:34]/scm/index.php
ERR : Db Error: Table 'shopnc.shopnc_' doesn't exist
SELECT admin_id FROM `shopnc`.`shopnc_`  LIMIT 30  
[2016-06-23 09:00:34]/scm/index.php
ERR : Db Error: Table 'shopnc.shopnc_' doesn't exist
SELECT admin_id FROM `shopnc`.`shopnc_`  LIMIT 30  
[2016-06-23 09:17:11]/scm/index.php
ERR : Db Error: Table 'shopnc.shopnc_shopnc_admin' doesn't exist
SELECT admin_id FROM `shopnc`.`shopnc_shopnc_admin` shopnc_admin LIMIT 30  
[2016-06-23 09:17:13]/scm/index.php
ERR : Db Error: Table 'shopnc.shopnc_shopnc_admin' doesn't exist
SELECT admin_id FROM `shopnc`.`shopnc_shopnc_admin` shopnc_admin LIMIT 30  
[2016-06-23 09:17:13]/scm/index.php
ERR : Db Error: Table 'shopnc.shopnc_shopnc_admin' doesn't exist
SELECT admin_id FROM `shopnc`.`shopnc_shopnc_admin` shopnc_admin LIMIT 30  
[2016-06-23 09:17:14]/scm/index.php
ERR : Db Error: Table 'shopnc.shopnc_shopnc_admin' doesn't exist
SELECT admin_id FROM `shopnc`.`shopnc_shopnc_admin` shopnc_admin LIMIT 30  
[2016-06-23 09:17:14]/scm/index.php
ERR : Db Error: Table 'shopnc.shopnc_shopnc_admin' doesn't exist
SELECT admin_id FROM `shopnc`.`shopnc_shopnc_admin` shopnc_admin LIMIT 30  
[2016-06-23 09:17:14]/scm/index.php
ERR : Db Error: Table 'shopnc.shopnc_shopnc_admin' doesn't exist
SELECT admin_id FROM `shopnc`.`shopnc_shopnc_admin` shopnc_admin LIMIT 30  
[2016-06-23 09:17:14]/scm/index.php
ERR : Db Error: Table 'shopnc.shopnc_shopnc_admin' doesn't exist
SELECT admin_id FROM `shopnc`.`shopnc_shopnc_admin` shopnc_admin LIMIT 30  
[2016-06-23 09:17:14]/scm/index.php
ERR : Db Error: Table 'shopnc.shopnc_shopnc_admin' doesn't exist
SELECT admin_id FROM `shopnc`.`shopnc_shopnc_admin` shopnc_admin LIMIT 30  
[2016-06-23 09:17:15]/scm/index.php
ERR : Db Error: Table 'shopnc.shopnc_shopnc_admin' doesn't exist
SELECT admin_id FROM `shopnc`.`shopnc_shopnc_admin` shopnc_admin LIMIT 30  
[2016-06-23 09:17:15]/scm/index.php
ERR : Db Error: Table 'shopnc.shopnc_shopnc_admin' doesn't exist
SELECT admin_id FROM `shopnc`.`shopnc_shopnc_admin` shopnc_admin LIMIT 30  
[2016-06-23 09:17:15]/scm/index.php
ERR : Db Error: Table 'shopnc.shopnc_shopnc_admin' doesn't exist
SELECT admin_id FROM `shopnc`.`shopnc_shopnc_admin` shopnc_admin LIMIT 30  
[2016-06-23 09:17:15]/scm/index.php
ERR : Db Error: Table 'shopnc.shopnc_shopnc_admin' doesn't exist
SELECT admin_id FROM `shopnc`.`shopnc_shopnc_admin` shopnc_admin LIMIT 30  
[2016-06-23 09:17:15]/scm/index.php
ERR : Db Error: Table 'shopnc.shopnc_shopnc_admin' doesn't exist
SELECT admin_id FROM `shopnc`.`shopnc_shopnc_admin` shopnc_admin LIMIT 30  
[2016-06-23 15:36:08]/scm/index.php
ERR : Db Error: Table 'shopnc.shopnc_shopnc_admin' doesn't exist
SELECT admin_id FROM `shopnc`.`shopnc_shopnc_admin` shopnc_admin LIMIT 30  
[2016-06-23 15:48:27]/scm/index.php
ERR : Db Error: Table 'shopnc.shopnc_shopnc_admin' doesn't exist
SELECT admin_id FROM `shopnc`.`shopnc_shopnc_admin` shopnc_admin LIMIT 30  
[2016-06-23 15:52:29]/scm/index.php
ERR : Db Error: Table 'shopnc.shopnc_shopnc_admin' doesn't exist
SELECT admin_id FROM `shopnc`.`shopnc_shopnc_admin` shopnc_admin LIMIT 30  
[2016-06-23 15:53:39]/scm/index.php
ERR : Db Error: Table 'shopnc.shopnc_shopnc_admin' doesn't exist
SELECT admin_id FROM `shopnc`.`shopnc_shopnc_admin` shopnc_admin LIMIT 30  
[2016-06-23 15:53:39]/scm/index.php
ERR : Db Error: Table 'shopnc.shopnc_shopnc_admin' doesn't exist
SELECT admin_id FROM `shopnc`.`shopnc_shopnc_admin` shopnc_admin LIMIT 30  
[2016-06-23 15:53:40]/scm/index.php
ERR : Db Error: Table 'shopnc.shopnc_shopnc_admin' doesn't exist
SELECT admin_id FROM `shopnc`.`shopnc_shopnc_admin` shopnc_admin LIMIT 30  
[2016-06-23 15:53:40]/scm/index.php
ERR : Db Error: Table 'shopnc.shopnc_shopnc_admin' doesn't exist
SELECT admin_id FROM `shopnc`.`shopnc_shopnc_admin` shopnc_admin LIMIT 30  
[2016-06-23 15:53:40]/scm/index.php
ERR : Db Error: Table 'shopnc.shopnc_shopnc_admin' doesn't exist
SELECT admin_id FROM `shopnc`.`shopnc_shopnc_admin` shopnc_admin LIMIT 30  
[2016-06-23 15:53:40]/scm/index.php
ERR : Db Error: Table 'shopnc.shopnc_shopnc_admin' doesn't exist
SELECT admin_id FROM `shopnc`.`shopnc_shopnc_admin` shopnc_admin LIMIT 30  
[2016-06-23 15:53:40]/scm/index.php
ERR : Db Error: Table 'shopnc.shopnc_shopnc_admin' doesn't exist
SELECT admin_id FROM `shopnc`.`shopnc_shopnc_admin` shopnc_admin LIMIT 30  
[2016-06-23 15:53:40]/scm/index.php
ERR : Db Error: Table 'shopnc.shopnc_shopnc_admin' doesn't exist
SELECT admin_id FROM `shopnc`.`shopnc_shopnc_admin` shopnc_admin LIMIT 30  
[2016-06-23 15:53:41]/scm/index.php
ERR : Db Error: Table 'shopnc.shopnc_shopnc_admin' doesn't exist
SELECT admin_id FROM `shopnc`.`shopnc_shopnc_admin` shopnc_admin LIMIT 30  
[2016-06-23 16:01:51]/scm/index.php
ERR : Db Error: Table 'shopnc.shopnc_shopnc_admin' doesn't exist
SELECT admin_id FROM `shopnc`.`shopnc_shopnc_admin` shopnc_admin LIMIT 30  
