[2016-07-08 09:40:04]/scm/modules/supplier/index.php?act=account
ERR : Db Error: Table 'gzkj.gzkj_scm_user' doesn't exist
SELECT * FROM `gzkj`.`gzkj_scm_user` as `scm_user`  WHERE  user_id=1 
[2016-07-08 09:40:08]/scm/modules/supplier/index.php?act=account
ERR : Db Error: Table 'gzkj.gzkj_scm_user' doesn't exist
SELECT * FROM `gzkj`.`gzkj_scm_user` as `scm_user`  WHERE  user_id=1 
[2016-07-08 09:40:08]/scm/modules/supplier/index.php?act=account
ERR : Db Error: Table 'gzkj.gzkj_scm_user' doesn't exist
SELECT * FROM `gzkj`.`gzkj_scm_user` as `scm_user`  WHERE  user_id=1 
[2016-07-08 09:40:09]/scm/modules/supplier/index.php?act=account
ERR : Db Error: Table 'gzkj.gzkj_scm_user' doesn't exist
SELECT * FROM `gzkj`.`gzkj_scm_user` as `scm_user`  WHERE  user_id=1 
[2016-07-08 09:40:10]/scm/modules/supplier/index.php?act=account
ERR : Db Error: Table 'gzkj.gzkj_scm_user' doesn't exist
SELECT * FROM `gzkj`.`gzkj_scm_user` as `scm_user`  WHERE  user_id=1 
[2016-07-08 09:40:10]/scm/modules/supplier/index.php?act=account
ERR : Db Error: Table 'gzkj.gzkj_scm_user' doesn't exist
SELECT * FROM `gzkj`.`gzkj_scm_user` as `scm_user`  WHERE  user_id=1 
[2016-07-08 09:40:10]/scm/modules/supplier/index.php?act=account
ERR : Db Error: Table 'gzkj.gzkj_scm_user' doesn't exist
SELECT * FROM `gzkj`.`gzkj_scm_user` as `scm_user`  WHERE  user_id=1 
[2016-07-08 09:40:11]/scm/modules/supplier/index.php?act=account
ERR : Db Error: Table 'gzkj.gzkj_scm_user' doesn't exist
SELECT * FROM `gzkj`.`gzkj_scm_user` as `scm_user`  WHERE  user_id=1 
[2016-07-08 09:40:12]/scm/modules/supplier/index.php?act=account
ERR : Db Error: Table 'gzkj.gzkj_scm_user' doesn't exist
SELECT * FROM `gzkj`.`gzkj_scm_user` as `scm_user`  WHERE  user_id=1 
[2016-07-08 09:40:13]/scm/modules/supplier/index.php?act=account
ERR : Db Error: Table 'gzkj.gzkj_scm_user' doesn't exist
SELECT * FROM `gzkj`.`gzkj_scm_user` as `scm_user`  WHERE  user_id=1 
[2016-07-08 09:40:13]/scm/modules/supplier/index.php?act=account
ERR : Db Error: Table 'gzkj.gzkj_scm_user' doesn't exist
SELECT * FROM `gzkj`.`gzkj_scm_user` as `scm_user`  WHERE  user_id=1 
[2016-07-08 09:40:14]/scm/modules/supplier/index.php?act=account
ERR : Db Error: Table 'gzkj.gzkj_scm_user' doesn't exist
SELECT * FROM `gzkj`.`gzkj_scm_user` as `scm_user`  WHERE  user_id=1 
[2016-07-08 09:40:15]/scm/modules/supplier/index.php?act=account
ERR : Db Error: Table 'gzkj.gzkj_scm_user' doesn't exist
SELECT * FROM `gzkj`.`gzkj_scm_user` as `scm_user`  WHERE  user_id=1 
[2016-07-08 09:40:16]/scm/modules/supplier/index.php?act=account
ERR : Db Error: Table 'gzkj.gzkj_scm_user' doesn't exist
SELECT * FROM `gzkj`.`gzkj_scm_user` as `scm_user`  WHERE  user_id=1 
[2016-07-08 09:40:16]/scm/modules/supplier/index.php?act=account
ERR : Db Error: Table 'gzkj.gzkj_scm_user' doesn't exist
SELECT * FROM `gzkj`.`gzkj_scm_user` as `scm_user`  WHERE  user_id=1 
[2016-07-08 09:40:20]/scm/modules/supplier/index.php?act=account
ERR : Db Error: Table 'gzkj.gzkj_scm_user' doesn't exist
SELECT * FROM `gzkj`.`gzkj_scm_user` as `scm_user`  WHERE  user_id=1 
[2016-07-08 09:40:22]/scm/modules/supplier/index.php?act=account
ERR : Db Error: Table 'gzkj.gzkj_scm_user' doesn't exist
SELECT * FROM `gzkj`.`gzkj_scm_user` as `scm_user`  WHERE  user_id=1 
[2016-07-08 09:40:27]/scm/modules/supplier/index.php?act=account
ERR : Db Error: Table 'gzkj.gzkj_scm_user' doesn't exist
SELECT * FROM `gzkj`.`gzkj_scm_user` as `scm_user`  WHERE  user_id=1 
[2016-07-08 09:40:33]/scm/modules/supplier/index.php?act=account
ERR : Db Error: Table 'gzkj.gzkj_scm_user' doesn't exist
SELECT * FROM `gzkj`.`gzkj_scm_user` as `scm_user`  WHERE  user_id=1 
[2016-07-08 09:40:36]/scm/modules/supplier/index.php?act=account
ERR : Db Error: Table 'gzkj.gzkj_scm_user' doesn't exist
SELECT * FROM `gzkj`.`gzkj_scm_user` as `scm_user`  WHERE  user_id=1 
[2016-07-08 09:40:37]/scm/modules/supplier/index.php?act=account
ERR : Db Error: Table 'gzkj.gzkj_scm_user' doesn't exist
SELECT * FROM `gzkj`.`gzkj_scm_user` as `scm_user`  WHERE  user_id=1 
[2016-07-08 09:40:38]/scm/modules/supplier/index.php?act=account
ERR : Db Error: Table 'gzkj.gzkj_scm_user' doesn't exist
SELECT * FROM `gzkj`.`gzkj_scm_user` as `scm_user`  WHERE  user_id=1 
[2016-07-08 09:40:44]/scm/modules/supplier/index.php?act=account
ERR : Db Error: Table 'gzkj.gzkj_scm_user' doesn't exist
SELECT * FROM `gzkj`.`gzkj_scm_user` as `scm_user`  WHERE  user_id=1 
[2016-07-08 09:40:45]/scm/modules/supplier/index.php?act=account
ERR : Db Error: Table 'gzkj.gzkj_scm_user' doesn't exist
SELECT * FROM `gzkj`.`gzkj_scm_user` as `scm_user`  WHERE  user_id=1 
[2016-07-08 09:41:01]/scm/modules/supplier/index.php?act=account
ERR : Db Error: Table 'gzkj.gzkj_scm_user' doesn't exist
SELECT * FROM `gzkj`.`gzkj_scm_user` as `scm_user`  WHERE  user_id=1 
[2016-07-08 09:41:07]/scm/modules/supplier/index.php?act=account
ERR : Db Error: Table 'gzkj.gzkj_scm_user' doesn't exist
SELECT * FROM `gzkj`.`gzkj_scm_user` as `scm_user`  WHERE  user_id=1 
[2016-07-08 09:41:08]/scm/modules/supplier/index.php?act=account
ERR : Db Error: Table 'gzkj.gzkj_scm_user' doesn't exist
SELECT * FROM `gzkj`.`gzkj_scm_user` as `scm_user`  WHERE  user_id=1 
[2016-07-08 09:41:09]/scm/modules/supplier/index.php?act=account
ERR : Db Error: Table 'gzkj.gzkj_scm_user' doesn't exist
SELECT * FROM `gzkj`.`gzkj_scm_user` as `scm_user`  WHERE  user_id=1 
[2016-07-08 09:41:11]/scm/modules/supplier/index.php?act=account
ERR : Db Error: Table 'gzkj.gzkj_scm_user' doesn't exist
SELECT * FROM `gzkj`.`gzkj_scm_user` as `scm_user`  WHERE  user_id=1 
[2016-07-08 09:41:11]/scm/modules/supplier/index.php?act=account
ERR : Db Error: Table 'gzkj.gzkj_scm_user' doesn't exist
SELECT * FROM `gzkj`.`gzkj_scm_user` as `scm_user`  WHERE  user_id=1 
[2016-07-08 09:41:12]/scm/modules/supplier/index.php?act=account
ERR : Db Error: Table 'gzkj.gzkj_scm_user' doesn't exist
SELECT * FROM `gzkj`.`gzkj_scm_user` as `scm_user`  WHERE  user_id=1 
[2016-07-08 09:41:13]/scm/modules/supplier/index.php?act=account
ERR : Db Error: Table 'gzkj.gzkj_scm_user' doesn't exist
SELECT * FROM `gzkj`.`gzkj_scm_user` as `scm_user`  WHERE  user_id=1 
[2016-07-08 09:41:51]/scm/modules/supplier/index.php?act=account
ERR : Db Error: Table 'gzkj.gzkj_scm_user' doesn't exist
SELECT * FROM `gzkj`.`gzkj_scm_user` as `scm_user`  WHERE  user_id=1 
[2016-07-08 09:42:08]/scm/modules/supplier/index.php?act=account
ERR : Db Error: Table 'gzkj.gzkj_scm_user' doesn't exist
SELECT * FROM `gzkj`.`gzkj_scm_user` as `scm_user`  WHERE  user_id=1 
[2016-07-08 09:42:13]/scm/modules/supplier/index.php?act=account
ERR : Db Error: Table 'gzkj.gzkj_scm_user' doesn't exist
SELECT * FROM `gzkj`.`gzkj_scm_user` as `scm_user`  WHERE  user_id=1 
[2016-07-08 09:43:37]/scm/modules/supplier/index.php?act=account
ERR : Db Error: Table 'gzkj.gzkj_scm_user' doesn't exist
SELECT * FROM `gzkj`.`gzkj_scm_user` as `scm_user`  WHERE  user_id=1 
[2016-07-08 09:43:44]/scm/modules/supplier/index.php?act=account
ERR : Db Error: Table 'gzkj.gzkj_scm_user' doesn't exist
UPDATE `gzkj`.`gzkj_scm_user` scm_user SET user_ch_name='4444' WHERE  user_id='1' 
[2016-07-08 09:43:45]/scm/modules/supplier/index.php?act=account
ERR : Db Error: Table 'gzkj.gzkj_scm_user' doesn't exist
SELECT * FROM `gzkj`.`gzkj_scm_user` as `scm_user`  WHERE  user_id=1 
[2016-07-08 09:47:09]/scm/modules/supplier/index.php?act=account
ERR : Db Error: Table 'gzkj.gzkj_scm_user' doesn't exist
SELECT * FROM `gzkj`.`gzkj_scm_user` as `scm_user`  WHERE  user_id=1 
[2016-07-08 09:52:17]/scm/modules/supplier/index.php?act=account
ERR : Db Error: Table 'gzkj.gzkj_scm_user' doesn't exist
SELECT * FROM `gzkj`.`gzkj_scm_user` as `scm_user`  WHERE  user_id=1 
[2016-07-08 09:57:02]/scm/modules/supplier/index.php?act=account
ERR : Db Error: Table 'gzkj.gzkj_scm_user' doesn't exist
UPDATE `gzkj`.`gzkj_scm_user` scm_user SET user_ch_name='阿里巴巴' WHERE  user_id='1' 
[2016-07-08 09:57:04]/scm/modules/supplier/index.php?act=account
ERR : Db Error: Table 'gzkj.gzkj_scm_user' doesn't exist
SELECT * FROM `gzkj`.`gzkj_scm_user` as `scm_user`  WHERE  user_id=1 
[2016-07-08 09:57:09]/scm/modules/supplier/index.php?act=account
ERR : Db Error: Table 'gzkj.gzkj_scm_user' doesn't exist
UPDATE `gzkj`.`gzkj_scm_user` scm_user SET user_ch_name='啊啊啊' WHERE  user_id='1' 
[2016-07-08 09:57:11]/scm/modules/supplier/index.php?act=account
ERR : Db Error: Table 'gzkj.gzkj_scm_user' doesn't exist
SELECT * FROM `gzkj`.`gzkj_scm_user` as `scm_user`  WHERE  user_id=1 
[2016-07-08 10:19:29]/scm/modules/supplier/index.php?act=account
ERR : Db Error: Table 'gzkj.gzkj_scm_user' doesn't exist
SELECT * FROM `gzkj`.`gzkj_scm_user` as `scm_user`  WHERE  user_id=1 
