[2016-10-08 09:36:08]http://localhost/scm/modules/system/index.php?act=online_order&op=get_xml&pay_end=1
ERR : Db Error: You have an error in your SQL syntax; check the manual that corresponds to your MySQL server version for the right syntax to use near 'pay_flag=1 GROUP BY clie_id' at line 1
SELECT id,order_sn,clie_id,order_state,pay_flag,SUM(order_amount)as order_amount from gzkj_scm_online_order  WHERE order_state=40 pay_flag=1 GROUP BY clie_id 
[2016-10-08 10:00:59]http://localhost/scm/modules/system/index.php?act=online_order&op=get_xml&pay_end=1
ERR : Db Error: You have an error in your SQL syntax; check the manual that corresponds to your MySQL server version for the right syntax to use near 'pay_flag=1 GROUP BY clie_id' at line 1
SELECT id,order_sn,clie_id,order_state,pay_flag,SUM(order_amount)as order_amount from gzkj_scm_online_order  WHERE order_state=40 pay_flag=1 GROUP BY clie_id 
[2016-10-08 10:01:03]http://localhost/scm/modules/system/index.php?act=online_order&op=get_xml&pay_end=1
ERR : Db Error: You have an error in your SQL syntax; check the manual that corresponds to your MySQL server version for the right syntax to use near 'pay_flag=1 GROUP BY clie_id' at line 1
SELECT id,order_sn,clie_id,order_state,pay_flag,SUM(order_amount)as order_amount from gzkj_scm_online_order  WHERE order_state=40 pay_flag=1 GROUP BY clie_id 
[2016-10-08 10:01:46]http://localhost/scm/modules/system/index.php?act=online_order&op=get_xml
ERR : Db Error: You have an error in your SQL syntax; check the manual that corresponds to your MySQL server version for the right syntax to use near '' at line 18
SELECT
	id,
	order_sn,
	clie_id,
	order_state,
	pay_flag,
	SUM(order_amount) AS order_amount
FROM
	gzkj_scm_online_order
WHERE
	FROM_UNIXTIME(payment_time) <= CONCAT(
	DATE_FORMAT(NOW(), '%Y-%m'),
	'-09 23:59:59'
)
AND order_state = 40
AND pay_flag = 0
GROUP BY
	clie_id limit 0,
[2016-10-08 10:01:59]http://localhost/scm/modules/system/index.php?act=online_order&op=get_xml
ERR : Db Error: You have an error in your SQL syntax; check the manual that corresponds to your MySQL server version for the right syntax to use near '' at line 18
SELECT
	id,
	order_sn,
	clie_id,
	order_state,
	pay_flag,
	SUM(order_amount) AS order_amount
FROM
	gzkj_scm_online_order
WHERE
	FROM_UNIXTIME(payment_time) <= CONCAT(
	DATE_FORMAT(NOW(), '%Y-%m'),
	'-09 23:59:59'
)
AND order_state = 40
AND pay_flag = 0
GROUP BY
	clie_id limit 0,
[2016-10-08 10:02:15]http://localhost/scm/modules/system/index.php?act=online_order&op=get_xml&pay_end=1
ERR : Db Error: You have an error in your SQL syntax; check the manual that corresponds to your MySQL server version for the right syntax to use near 'pay_flag=1 GROUP BY clie_id' at line 1
SELECT id,order_sn,clie_id,order_state,pay_flag,SUM(order_amount)as order_amount from gzkj_scm_online_order  WHERE order_state=40 pay_flag=1 GROUP BY clie_id 
[2016-10-08 10:03:03]http://localhost/scm/modules/system/index.php?act=online_order&op=get_xml&pay_end=1
ERR : Db Error: You have an error in your SQL syntax; check the manual that corresponds to your MySQL server version for the right syntax to use near 'pay_flag=1 GROUP BY clie_id' at line 1
SELECT id,order_sn,clie_id,order_state,pay_flag,SUM(order_amount)as order_amount from gzkj_scm_online_order  WHERE order_state=40 pay_flag=1 GROUP BY clie_id 
[2016-10-08 10:05:40]http://localhost/scm/modules/system/index.php?act=online_order&op=get_xml&pay_end=1
ERR : Db Error: You have an error in your SQL syntax; check the manual that corresponds to your MySQL server version for the right syntax to use near 'pay_flag=1 GROUP BY clie_id' at line 1
SELECT id,order_sn,clie_id,order_state,pay_flag,SUM(order_amount)as order_amount from gzkj_scm_online_order  WHERE order_state=40 pay_flag=1 GROUP BY clie_id 
[2016-10-08 10:14:40]http://localhost/scm/modules/system/index.php?act=online_order&op=get_xml&pay_end=1
ERR : Db Error: You have an error in your SQL syntax; check the manual that corresponds to your MySQL server version for the right syntax to use near 'pay_flag=1 GROUP BY clie_id' at line 1
SELECT id,order_sn,clie_id,order_state,pay_flag,SUM(order_amount)as order_amount from gzkj_scm_online_order  WHERE order_state=40 pay_flag=1 GROUP BY clie_id 
[2016-10-08 10:14:43]http://localhost/scm/modules/system/index.php?act=online_order&op=get_xml&pay_end=1
ERR : Db Error: You have an error in your SQL syntax; check the manual that corresponds to your MySQL server version for the right syntax to use near 'pay_flag=1 GROUP BY clie_id' at line 1
SELECT id,order_sn,clie_id,order_state,pay_flag,SUM(order_amount)as order_amount from gzkj_scm_online_order  WHERE order_state=40 pay_flag=1 GROUP BY clie_id 
[2016-10-08 10:14:44]http://localhost/scm/modules/system/index.php?act=online_order&op=get_xml&pay_end=1
ERR : Db Error: You have an error in your SQL syntax; check the manual that corresponds to your MySQL server version for the right syntax to use near 'pay_flag=1 GROUP BY clie_id' at line 1
SELECT id,order_sn,clie_id,order_state,pay_flag,SUM(order_amount)as order_amount from gzkj_scm_online_order  WHERE order_state=40 pay_flag=1 GROUP BY clie_id 
[2016-10-08 10:14:45]http://localhost/scm/modules/system/index.php?act=online_order&op=get_xml&pay_end=1
ERR : Db Error: You have an error in your SQL syntax; check the manual that corresponds to your MySQL server version for the right syntax to use near 'pay_flag=1 GROUP BY clie_id' at line 1
SELECT id,order_sn,clie_id,order_state,pay_flag,SUM(order_amount)as order_amount from gzkj_scm_online_order  WHERE order_state=40 pay_flag=1 GROUP BY clie_id 
[2016-10-08 10:14:47]http://localhost/scm/modules/system/index.php?act=online_order&op=get_xml&pay_end=1
ERR : Db Error: You have an error in your SQL syntax; check the manual that corresponds to your MySQL server version for the right syntax to use near 'pay_flag=1 GROUP BY clie_id' at line 1
SELECT id,order_sn,clie_id,order_state,pay_flag,SUM(order_amount)as order_amount from gzkj_scm_online_order  WHERE order_state=40 pay_flag=1 GROUP BY clie_id 
[2016-10-08 10:16:46]http://localhost/scm/modules/system/index.php?act=date_warn&op=get_xml
ERR : Db Error: You have an error in your SQL syntax; check the manual that corresponds to your MySQL server version for the right syntax to use near '' at line 44

SELECT
    a.id,
	a.clie_id,b.clie_ch_name,b.clie_contacter,b.clie_mobile,b.clie_tel,a.goods_barcode,
	a.goods_nm,a.goods_unit,a.goods_spec,a.production_date,a.shelf_life,a.waring_flag,
	c.supp_ch_name,c.supp_contacter,c.supp_tel,c.supp_mobile,d.valid_remind,
	CASE
WHEN a.shelf_life LIKE '%年'  THEN DATE_ADD( a.production_date, INTERVAL (a.shelf_life * 360) DAY )
WHEN a.shelf_life LIKE '%月'  THEN DATE_ADD( a.production_date, INTERVAL (a.shelf_life * 30) DAY )
WHEN a.shelf_life LIKE '%天'  THEN DATE_ADD( a.production_date, INTERVAL a.shelf_life DAY )
END AS expire_date
FROM
	gzkj_scm_instock_info AS a,
	gzkj_scm_client AS b,
	gzkj_scm_supplier AS c,
	gzkj_scm_client_stock AS d
WHERE
a.waring_flag=1
AND
    a.goods_barcode=d.goods_barcode
AND
	a.clie_id = b.clie_id
AND a.supp_id = c.supp_id
AND (
	(
		a.shelf_life LIKE '%月'
		AND datediff(
			DATE_ADD(
				a.production_date,
				INTERVAL (a.shelf_life * 30) DAY
			),
			NOW()
		) <= d.valid_remind
	)
	OR (
		a.shelf_life LIKE '%天'
		AND datediff(
			DATE_ADD(
				a.production_date,
				INTERVAL a.shelf_life DAY
			),
			NOW()
		) <= d.valid_remind
	)
)   GROUP BY a.id limit 0,
[2016-10-08 10:17:06]http://localhost/scm/modules/system/index.php?act=date_warn&op=get_xml
ERR : Db Error: You have an error in your SQL syntax; check the manual that corresponds to your MySQL server version for the right syntax to use near '' at line 44

SELECT
    a.id,
	a.clie_id,b.clie_ch_name,b.clie_contacter,b.clie_mobile,b.clie_tel,a.goods_barcode,
	a.goods_nm,a.goods_unit,a.goods_spec,a.production_date,a.shelf_life,a.waring_flag,
	c.supp_ch_name,c.supp_contacter,c.supp_tel,c.supp_mobile,d.valid_remind,
	CASE
WHEN a.shelf_life LIKE '%年'  THEN DATE_ADD( a.production_date, INTERVAL (a.shelf_life * 360) DAY )
WHEN a.shelf_life LIKE '%月'  THEN DATE_ADD( a.production_date, INTERVAL (a.shelf_life * 30) DAY )
WHEN a.shelf_life LIKE '%天'  THEN DATE_ADD( a.production_date, INTERVAL a.shelf_life DAY )
END AS expire_date
FROM
	gzkj_scm_instock_info AS a,
	gzkj_scm_client AS b,
	gzkj_scm_supplier AS c,
	gzkj_scm_client_stock AS d
WHERE
a.waring_flag=1
AND
    a.goods_barcode=d.goods_barcode
AND
	a.clie_id = b.clie_id
AND a.supp_id = c.supp_id
AND (
	(
		a.shelf_life LIKE '%月'
		AND datediff(
			DATE_ADD(
				a.production_date,
				INTERVAL (a.shelf_life * 30) DAY
			),
			NOW()
		) <= d.valid_remind
	)
	OR (
		a.shelf_life LIKE '%天'
		AND datediff(
			DATE_ADD(
				a.production_date,
				INTERVAL a.shelf_life DAY
			),
			NOW()
		) <= d.valid_remind
	)
)   GROUP BY a.id limit 0,
[2016-10-08 10:17:18]http://localhost/scm/modules/system/index.php?act=date_warn&op=get_xml
ERR : Db Error: You have an error in your SQL syntax; check the manual that corresponds to your MySQL server version for the right syntax to use near '' at line 44

SELECT
    a.id,
	a.clie_id,b.clie_ch_name,b.clie_contacter,b.clie_mobile,b.clie_tel,a.goods_barcode,
	a.goods_nm,a.goods_unit,a.goods_spec,a.production_date,a.shelf_life,a.waring_flag,
	c.supp_ch_name,c.supp_contacter,c.supp_tel,c.supp_mobile,d.valid_remind,
	CASE
WHEN a.shelf_life LIKE '%年'  THEN DATE_ADD( a.production_date, INTERVAL (a.shelf_life * 360) DAY )
WHEN a.shelf_life LIKE '%月'  THEN DATE_ADD( a.production_date, INTERVAL (a.shelf_life * 30) DAY )
WHEN a.shelf_life LIKE '%天'  THEN DATE_ADD( a.production_date, INTERVAL a.shelf_life DAY )
END AS expire_date
FROM
	gzkj_scm_instock_info AS a,
	gzkj_scm_client AS b,
	gzkj_scm_supplier AS c,
	gzkj_scm_client_stock AS d
WHERE
a.waring_flag=1
AND
    a.goods_barcode=d.goods_barcode
AND
	a.clie_id = b.clie_id
AND a.supp_id = c.supp_id
AND (
	(
		a.shelf_life LIKE '%月'
		AND datediff(
			DATE_ADD(
				a.production_date,
				INTERVAL (a.shelf_life * 30) DAY
			),
			NOW()
		) <= d.valid_remind
	)
	OR (
		a.shelf_life LIKE '%天'
		AND datediff(
			DATE_ADD(
				a.production_date,
				INTERVAL a.shelf_life DAY
			),
			NOW()
		) <= d.valid_remind
	)
)   GROUP BY a.id limit 0,
[2016-10-08 10:17:23]http://localhost/scm/modules/system/index.php?act=date_warn&op=get_xml
ERR : Db Error: You have an error in your SQL syntax; check the manual that corresponds to your MySQL server version for the right syntax to use near '' at line 44

SELECT
    a.id,
	a.clie_id,b.clie_ch_name,b.clie_contacter,b.clie_mobile,b.clie_tel,a.goods_barcode,
	a.goods_nm,a.goods_unit,a.goods_spec,a.production_date,a.shelf_life,a.waring_flag,
	c.supp_ch_name,c.supp_contacter,c.supp_tel,c.supp_mobile,d.valid_remind,
	CASE
WHEN a.shelf_life LIKE '%年'  THEN DATE_ADD( a.production_date, INTERVAL (a.shelf_life * 360) DAY )
WHEN a.shelf_life LIKE '%月'  THEN DATE_ADD( a.production_date, INTERVAL (a.shelf_life * 30) DAY )
WHEN a.shelf_life LIKE '%天'  THEN DATE_ADD( a.production_date, INTERVAL a.shelf_life DAY )
END AS expire_date
FROM
	gzkj_scm_instock_info AS a,
	gzkj_scm_client AS b,
	gzkj_scm_supplier AS c,
	gzkj_scm_client_stock AS d
WHERE
a.waring_flag=1
AND
    a.goods_barcode=d.goods_barcode
AND
	a.clie_id = b.clie_id
AND a.supp_id = c.supp_id
AND (
	(
		a.shelf_life LIKE '%月'
		AND datediff(
			DATE_ADD(
				a.production_date,
				INTERVAL (a.shelf_life * 30) DAY
			),
			NOW()
		) <= d.valid_remind
	)
	OR (
		a.shelf_life LIKE '%天'
		AND datediff(
			DATE_ADD(
				a.production_date,
				INTERVAL a.shelf_life DAY
			),
			NOW()
		) <= d.valid_remind
	)
)   GROUP BY a.id limit 0,
[2016-10-08 10:17:25]http://localhost/scm/modules/system/index.php?act=date_warn&op=get_xml
ERR : Db Error: You have an error in your SQL syntax; check the manual that corresponds to your MySQL server version for the right syntax to use near '' at line 44

SELECT
    a.id,
	a.clie_id,b.clie_ch_name,b.clie_contacter,b.clie_mobile,b.clie_tel,a.goods_barcode,
	a.goods_nm,a.goods_unit,a.goods_spec,a.production_date,a.shelf_life,a.waring_flag,
	c.supp_ch_name,c.supp_contacter,c.supp_tel,c.supp_mobile,d.valid_remind,
	CASE
WHEN a.shelf_life LIKE '%年'  THEN DATE_ADD( a.production_date, INTERVAL (a.shelf_life * 360) DAY )
WHEN a.shelf_life LIKE '%月'  THEN DATE_ADD( a.production_date, INTERVAL (a.shelf_life * 30) DAY )
WHEN a.shelf_life LIKE '%天'  THEN DATE_ADD( a.production_date, INTERVAL a.shelf_life DAY )
END AS expire_date
FROM
	gzkj_scm_instock_info AS a,
	gzkj_scm_client AS b,
	gzkj_scm_supplier AS c,
	gzkj_scm_client_stock AS d
WHERE
a.waring_flag=1
AND
    a.goods_barcode=d.goods_barcode
AND
	a.clie_id = b.clie_id
AND a.supp_id = c.supp_id
AND (
	(
		a.shelf_life LIKE '%月'
		AND datediff(
			DATE_ADD(
				a.production_date,
				INTERVAL (a.shelf_life * 30) DAY
			),
			NOW()
		) <= d.valid_remind
	)
	OR (
		a.shelf_life LIKE '%天'
		AND datediff(
			DATE_ADD(
				a.production_date,
				INTERVAL a.shelf_life DAY
			),
			NOW()
		) <= d.valid_remind
	)
)   GROUP BY a.id limit 0,
[2016-10-08 10:21:47]http://localhost/scm/modules/system/index.php?act=online_order&op=get_xml
ERR : Db Error: You have an error in your SQL syntax; check the manual that corresponds to your MySQL server version for the right syntax to use near '' at line 18
SELECT
	id,
	order_sn,
	clie_id,
	order_state,
	pay_flag,
	SUM(order_amount) AS order_amount
FROM
	gzkj_scm_online_order
WHERE
	FROM_UNIXTIME(payment_time) <= CONCAT(
	DATE_FORMAT(NOW(), '%Y-%m'),
	'-09 23:59:59'
)
AND order_state = 40
AND pay_flag = 0
GROUP BY
	clie_id limit 0,
[2016-10-08 10:28:32]http://localhost/scm/modules/system/index.php?act=order&op=get_xml&type=1
ERR : Db Error: You have an error in your SQL syntax; check the manual that corresponds to your MySQL server version for the right syntax to use near '' at line 1
SELECT id,order_no,clie_id,clie_ch_name,supp_id,supp_ch_name,order_status,pay_flag ,SUM(order_pay)as order_pay from gzkj_scm_client_order WHERE  (TO_DAYS(NOW()) - TO_DAYS(pay_start_time)) >= 3 AND order_status IN (3, 4) AND pay_flag=0 GROUP BY clie_id limit 0,
[2016-10-08 10:29:02]http://localhost/scm/modules/system/index.php?act=order&op=get_xml&type=1
ERR : Db Error: You have an error in your SQL syntax; check the manual that corresponds to your MySQL server version for the right syntax to use near '' at line 1
SELECT id,order_no,clie_id,clie_ch_name,supp_id,supp_ch_name,order_status,pay_flag ,SUM(order_pay)as order_pay from gzkj_scm_client_order WHERE  (TO_DAYS(NOW()) - TO_DAYS(pay_start_time)) >= 3 AND order_status IN (3, 4) AND pay_flag=0 GROUP BY clie_id limit 0,
[2016-10-08 11:05:45]http://localhost/scm/modules/system/index.php?act=online_order&op=get_xml&pay_end=1
ERR : Db Error: You have an error in your SQL syntax; check the manual that corresponds to your MySQL server version for the right syntax to use near 'pay_flag=1 GROUP BY clie_id' at line 1
SELECT id,order_sn,clie_id,order_state,pay_flag,SUM(order_amount)as order_amount from gzkj_scm_online_order  WHERE order_state=40 pay_flag=1 GROUP BY clie_id 
[2016-10-08 11:06:36]http://localhost/scm/modules/system/index.php?act=online_order&op=get_xml&pay_end=1
ERR : Db Error: You have an error in your SQL syntax; check the manual that corresponds to your MySQL server version for the right syntax to use near 'pay_flag=1 GROUP BY clie_id' at line 1
SELECT id,order_sn,clie_id,order_state,pay_flag,SUM(order_amount)as order_amount from gzkj_scm_online_order  WHERE order_state=40 pay_flag=1 GROUP BY clie_id 
[2016-10-08 11:25:38]http://localhost/scm/modules/system/index.php?act=online_order&op=get_xml&pay_end=1
ERR : Db Error: You have an error in your SQL syntax; check the manual that corresponds to your MySQL server version for the right syntax to use near 'pay_flag=1 GROUP BY clie_id' at line 1
SELECT id,order_sn,clie_id,order_state,pay_flag,SUM(order_amount)as order_amount from gzkj_scm_online_order  WHERE order_state=40 pay_flag=1 GROUP BY clie_id 
[2016-10-08 11:33:02]http://localhost/scm/modules/system/index.php?act=order&op=get_xml&type=1
ERR : Db Error: You have an error in your SQL syntax; check the manual that corresponds to your MySQL server version for the right syntax to use near '' at line 1
SELECT id,order_no,clie_id,clie_ch_name,supp_id,supp_ch_name,order_status,pay_flag ,SUM(order_pay)as order_pay from gzkj_scm_client_order WHERE  (TO_DAYS(NOW()) - TO_DAYS(pay_start_time)) >= 3 AND order_status IN (3, 4) AND pay_flag=0 GROUP BY clie_id limit 0,
[2016-10-08 11:33:33]http://localhost/scm/modules/system/index.php?act=order&op=get_xml&type=1
ERR : Db Error: You have an error in your SQL syntax; check the manual that corresponds to your MySQL server version for the right syntax to use near '' at line 1
SELECT id,order_no,clie_id,clie_ch_name,supp_id,supp_ch_name,order_status,pay_flag ,SUM(order_pay)as order_pay from gzkj_scm_client_order WHERE  (TO_DAYS(NOW()) - TO_DAYS(pay_start_time)) >= 3 AND order_status IN (3, 4) AND pay_flag=0 GROUP BY clie_id limit 0,
[2016-10-08 16:04:16]/scm/modules/supplier/index.php?act=statistics_goods
ERR : Db Error: Unknown column 'goods_name' in 'field list'
SELECT  scm_order_goods.goods_barcode,min(goods_name) as goods_name,SUM(goods_num) as goodsnum  FROM `gzkj`.`gzkj_scm_client_order` AS `scm_client_order` INNER JOIN `gzkj`.`gzkj_scm_order_goods` AS `scm_order_goods` ON scm_client_order.id=scm_order_goods.order_id WHERE ( scm_client_order.supp_id = 'CHLY0000101' ) ORDER BY goodsnum desc,goods_id LIMIT 30  
[2016-10-08 16:04:17]/scm/modules/supplier/index.php?act=statistics_goods
ERR : Db Error: Unknown column 'goods_name' in 'field list'
SELECT  scm_order_goods.goods_barcode,min(goods_name) as goods_name,SUM(goods_num) as goodsnum  FROM `gzkj`.`gzkj_scm_client_order` AS `scm_client_order` INNER JOIN `gzkj`.`gzkj_scm_order_goods` AS `scm_order_goods` ON scm_client_order.id=scm_order_goods.order_id WHERE ( scm_client_order.supp_id = 'CHLY0000101' ) ORDER BY goodsnum desc,goods_id LIMIT 30  
[2016-10-08 16:04:21]/scm/modules/supplier/index.php?act=statistics_goods
ERR : Db Error: Unknown column 'goods_name' in 'field list'
SELECT  scm_order_goods.goods_barcode,min(goods_name) as goods_name,SUM(goods_num) as goodsnum  FROM `gzkj`.`gzkj_scm_client_order` AS `scm_client_order` INNER JOIN `gzkj`.`gzkj_scm_order_goods` AS `scm_order_goods` ON scm_client_order.id=scm_order_goods.order_id WHERE ( scm_client_order.supp_id = 'CHLY0000101' ) ORDER BY goodsnum desc,goods_id LIMIT 30  
[2016-10-08 16:18:25]/scm/modules/supplier/index.php?act=statistics_goods
ERR : Db Error: Unknown column 'scm_order_goods.goods_name' in 'field list'
SELECT  scm_order_goods.goods_barcode,SUM(scm_order_goods.set_num) as goodsnum ,min(scm_order_goods.goods_name) as goods_name FROM `gzkj`.`gzkj_scm_client_order` AS `scm_client_order` INNER JOIN `gzkj`.`gzkj_scm_order_goods` AS `scm_order_goods` ON scm_client_order.id=scm_order_goods.order_id WHERE ( scm_client_order.supp_id = 'CHLY0000101' ) GROUP BY scm_order_goods.goods_barcode ORDER BY goodsnum desc,scm_client_order.id LIMIT 30  
[2016-10-08 16:26:03]/scm/modules/supplier/index.php?act=statistics_goods
ERR : Db Error: Unknown column 'scm_order_goods.goods_name' in 'field list'
SELECT  scm_order_goods.goods_barcode,SUM(scm_order_goods.set_num) as goodsnum ,min(scm_order_goods.goods_name) as goods_name FROM `gzkj`.`gzkj_scm_client_order` AS `scm_client_order` INNER JOIN `gzkj`.`gzkj_scm_order_goods` AS `scm_order_goods` ON scm_client_order.id=scm_order_goods.order_id WHERE ( scm_client_order.supp_id = 'CHLY0000101' ) GROUP BY scm_order_goods.goods_barcode ORDER BY goodsnum desc,scm_client_order.id LIMIT 30  
[2016-10-08 16:26:04]/scm/modules/supplier/index.php?act=statistics_goods
ERR : Db Error: Unknown column 'scm_order_goods.goods_name' in 'field list'
SELECT  scm_order_goods.goods_barcode,SUM(scm_order_goods.set_num) as goodsnum ,min(scm_order_goods.goods_name) as goods_name FROM `gzkj`.`gzkj_scm_client_order` AS `scm_client_order` INNER JOIN `gzkj`.`gzkj_scm_order_goods` AS `scm_order_goods` ON scm_client_order.id=scm_order_goods.order_id WHERE ( scm_client_order.supp_id = 'CHLY0000101' ) GROUP BY scm_order_goods.goods_barcode ORDER BY goodsnum desc,scm_client_order.id LIMIT 30  
[2016-10-08 16:26:05]/scm/modules/supplier/index.php?act=statistics_goods&op=hotgoods&search_type=day&search_time=1970-01-01
ERR : Db Error: Unknown column 'scm_order_goods.goods_name' in 'field list'
SELECT  scm_order_goods.goods_barcode,SUM(scm_order_goods.set_num) as goodsnum ,min(scm_order_goods.goods_name) as goods_name FROM `gzkj`.`gzkj_scm_client_order` AS `scm_client_order` INNER JOIN `gzkj`.`gzkj_scm_order_goods` AS `scm_order_goods` ON scm_client_order.id=scm_order_goods.order_id WHERE ( scm_client_order.supp_id = 'CHLY0000101' ) GROUP BY scm_order_goods.goods_barcode ORDER BY goodsnum desc,scm_client_order.id LIMIT 30  
[2016-10-08 16:26:07]/scm/modules/supplier/index.php?act=statistics_goods
ERR : Db Error: Unknown column 'scm_order_goods.goods_name' in 'field list'
SELECT  scm_order_goods.goods_barcode,SUM(scm_order_goods.set_num) as goodsnum ,min(scm_order_goods.goods_name) as goods_name FROM `gzkj`.`gzkj_scm_client_order` AS `scm_client_order` INNER JOIN `gzkj`.`gzkj_scm_order_goods` AS `scm_order_goods` ON scm_client_order.id=scm_order_goods.order_id WHERE ( scm_client_order.supp_id = 'CHLY0000101' ) GROUP BY scm_order_goods.goods_barcode ORDER BY goodsnum desc,scm_client_order.id LIMIT 30  
[2016-10-08 16:26:07]/scm/modules/supplier/index.php?act=statistics_goods&op=hotgoods&search_type=day&search_time=1970-01-01
ERR : Db Error: Unknown column 'scm_order_goods.goods_name' in 'field list'
SELECT  scm_order_goods.goods_barcode,SUM(scm_order_goods.set_num) as goodsnum ,min(scm_order_goods.goods_name) as goods_name FROM `gzkj`.`gzkj_scm_client_order` AS `scm_client_order` INNER JOIN `gzkj`.`gzkj_scm_order_goods` AS `scm_order_goods` ON scm_client_order.id=scm_order_goods.order_id WHERE ( scm_client_order.supp_id = 'CHLY0000101' ) GROUP BY scm_order_goods.goods_barcode ORDER BY goodsnum desc,scm_client_order.id LIMIT 30  
[2016-10-08 16:26:09]/scm/modules/supplier/index.php?act=statistics_goods
ERR : Db Error: Unknown column 'scm_order_goods.goods_name' in 'field list'
SELECT  scm_order_goods.goods_barcode,SUM(scm_order_goods.set_num) as goodsnum ,min(scm_order_goods.goods_name) as goods_name FROM `gzkj`.`gzkj_scm_client_order` AS `scm_client_order` INNER JOIN `gzkj`.`gzkj_scm_order_goods` AS `scm_order_goods` ON scm_client_order.id=scm_order_goods.order_id WHERE ( scm_client_order.supp_id = 'CHLY0000101' ) GROUP BY scm_order_goods.goods_barcode ORDER BY goodsnum desc,scm_client_order.id LIMIT 30  
[2016-10-08 16:26:09]/scm/modules/supplier/index.php?act=statistics_goods
ERR : Db Error: Unknown column 'scm_order_goods.goods_name' in 'field list'
SELECT  scm_order_goods.goods_barcode,SUM(scm_order_goods.set_num) as goodsnum ,min(scm_order_goods.goods_name) as goods_name FROM `gzkj`.`gzkj_scm_client_order` AS `scm_client_order` INNER JOIN `gzkj`.`gzkj_scm_order_goods` AS `scm_order_goods` ON scm_client_order.id=scm_order_goods.order_id WHERE ( scm_client_order.supp_id = 'CHLY0000101' ) GROUP BY scm_order_goods.goods_barcode ORDER BY goodsnum desc,scm_client_order.id LIMIT 30  
[2016-10-08 16:26:48]/scm/modules/supplier/index.php?act=statistics_goods
ERR : Db Error: Unknown column 'scm_order_goods.goods_name' in 'field list'
SELECT  scm_order_goods.goods_barcode,SUM(scm_order_goods.set_num) as goodsnum ,min(scm_order_goods.goods_name) as goods_name FROM `gzkj`.`gzkj_scm_client_order` AS `scm_client_order` INNER JOIN `gzkj`.`gzkj_scm_order_goods` AS `scm_order_goods` ON scm_client_order.id=scm_order_goods.order_id WHERE ( scm_client_order.supp_id = 'CHLY0000101' ) GROUP BY scm_order_goods.goods_barcode ORDER BY goodsnum desc,scm_client_order.id LIMIT 30  
[2016-10-08 16:26:49]/scm/modules/supplier/index.php?act=statistics_goods
ERR : Db Error: Unknown column 'scm_order_goods.goods_name' in 'field list'
SELECT  scm_order_goods.goods_barcode,SUM(scm_order_goods.set_num) as goodsnum ,min(scm_order_goods.goods_name) as goods_name FROM `gzkj`.`gzkj_scm_client_order` AS `scm_client_order` INNER JOIN `gzkj`.`gzkj_scm_order_goods` AS `scm_order_goods` ON scm_client_order.id=scm_order_goods.order_id WHERE ( scm_client_order.supp_id = 'CHLY0000101' ) GROUP BY scm_order_goods.goods_barcode ORDER BY goodsnum desc,scm_client_order.id LIMIT 30  
